<?xml version="1.0" encoding="UTF-8"?>
<!-- Generated by org.testng.reporters.JUnitXMLReporter -->
<testsuite ignored="0" hostname="LAPTOP-K475TLSM" failures="0" tests="9" name="Default test" time="17.39" errors="0" timestamp="2024-10-15T21:16:15 IST">
  <testcase classname="api.test.DDtest" name="testpostuser" time="3.387"/>
  <testcase classname="api.test.DDtest" name="testpostuser" time="1.555"/>
  <testcase classname="api.test.DDtest" name="testpostuser" time="1.523"/>
  <testcase classname="api.test.DDtest" name="testGetUserByName" time="1.582"/>
  <testcase classname="api.test.DDtest" name="testGetUserByName" time="1.537"/>
  <testcase classname="api.test.DDtest" name="testGetUserByName" time="1.594"/>
  <testcase classname="api.test.DDtest" name="testDeleteUserByName" time="1.552"/>
  <testcase classname="api.test.DDtest" name="testDeleteUserByName" time="1.522"/>
  <testcase classname="api.test.DDtest" name="testDeleteUserByName" time="1.463"/>
</testsuite> <!-- Default test -->
