<?xml version="1.0" encoding="UTF-8"?>
<!-- Generated by org.testng.reporters.JUnitXMLReporter -->
<testsuite ignored="0" hostname="LAPTOP-K475TLSM" failures="0" tests="4" name="Test" time="8.306" errors="0" timestamp="2024-10-25T22:47:16 IST">
  <testcase classname="api.test.UserTests" name="testPostUser" time="3.415"/>
  <testcase classname="api.test.UserTests" name="testGetUserByName" time="1.484"/>
  <testcase classname="api.test.UserTests" name="testupdateUser" time="1.588"/>
  <testcase classname="api.test.UserTests" name="testdeleteUser" time="1.356"/>
</testsuite> <!-- Test -->
