<?xml version="1.0" encoding="UTF-8"?>
<!-- Generated by org.testng.reporters.JUnitXMLReporter -->
<testsuite ignored="0" hostname="LAPTOP-K475TLSM" failures="0" tests="4" name="Test" time="8.383" errors="0" timestamp="2024-10-25T23:32:51 IST">
  <testcase classname="api.test.UserTests" name="testPostUser" time="3.357"/>
  <testcase classname="api.test.UserTests" name="testGetUserByName" time="1.54"/>
  <testcase classname="api.test.UserTests" name="testupdateUser" time="1.525"/>
  <testcase classname="api.test.UserTests" name="testdeleteUser" time="1.534"/>
</testsuite> <!-- Test -->
