<?xml version="1.0" encoding="UTF-8"?>
<testng-results ignored="0" total="4" passed="4" failed="0" skipped="0">
  <reporter-output>
  </reporter-output>
  <suite started-at="2024-10-25T23:32:42 IST" name="Suite" finished-at="2024-10-25T23:32:51 IST" duration-ms="8383">
    <groups>
    </groups>
    <test started-at="2024-10-25T23:32:42 IST" name="Test" finished-at="2024-10-25T23:32:51 IST" duration-ms="8383">
      <class name="api.test.UserTests">
        <test-method is-config="true" signature="setupData()[pri:0, instance:api.test.UserTests@7722c3c3]" started-at="2024-10-25T23:32:43 IST" name="setupData" finished-at="2024-10-25T23:32:43 IST" duration-ms="176" status="PASS">
          <reporter-output>
          </reporter-output>
        </test-method> <!-- setupData -->
        <test-method signature="testPostUser()[pri:1, instance:api.test.UserTests@7722c3c3]" started-at="2024-10-25T23:32:43 IST" name="testPostUser" finished-at="2024-10-25T23:32:46 IST" duration-ms="3357" status="PASS">
          <reporter-output>
          </reporter-output>
        </test-method> <!-- testPostUser -->
        <test-method signature="testGetUserByName()[pri:2, instance:api.test.UserTests@7722c3c3]" started-at="2024-10-25T23:32:46 IST" name="testGetUserByName" finished-at="2024-10-25T23:32:48 IST" duration-ms="1540" status="PASS">
          <reporter-output>
          </reporter-output>
        </test-method> <!-- testGetUserByName -->
        <test-method signature="testupdateUser()[pri:3, instance:api.test.UserTests@7722c3c3]" started-at="2024-10-25T23:32:48 IST" name="testupdateUser" finished-at="2024-10-25T23:32:49 IST" duration-ms="1525" status="PASS">
          <reporter-output>
          </reporter-output>
        </test-method> <!-- testupdateUser -->
        <test-method signature="testdeleteUser()[pri:4, instance:api.test.UserTests@7722c3c3]" started-at="2024-10-25T23:32:49 IST" name="testdeleteUser" finished-at="2024-10-25T23:32:51 IST" duration-ms="1534" status="PASS">
          <reporter-output>
          </reporter-output>
        </test-method> <!-- testdeleteUser -->
      </class> <!-- api.test.UserTests -->
    </test> <!-- Test -->
  </suite> <!-- Suite -->
</testng-results>
