<?xml version="1.0" encoding="UTF-8"?>
<testng-results ignored="0" total="4" passed="4" failed="0" skipped="0">
  <reporter-output>
  </reporter-output>
  <suite started-at="2024-10-25T22:47:07 IST" name="Suite" finished-at="2024-10-25T22:47:16 IST" duration-ms="8306">
    <groups>
    </groups>
    <test started-at="2024-10-25T22:47:07 IST" name="Test" finished-at="2024-10-25T22:47:16 IST" duration-ms="8306">
      <class name="api.test.UserTests">
        <test-method is-config="true" signature="setupData()[pri:0, instance:api.test.UserTests@2892d68]" started-at="2024-10-25T22:47:07 IST" name="setupData" finished-at="2024-10-25T22:47:08 IST" duration-ms="187" status="PASS">
          <reporter-output>
          </reporter-output>
        </test-method> <!-- setupData -->
        <test-method signature="testPostUser()[pri:1, instance:api.test.UserTests@2892d68]" started-at="2024-10-25T22:47:08 IST" name="testPostUser" finished-at="2024-10-25T22:47:11 IST" duration-ms="3415" status="PASS">
          <reporter-output>
          </reporter-output>
        </test-method> <!-- testPostUser -->
        <test-method signature="testGetUserByName()[pri:2, instance:api.test.UserTests@2892d68]" started-at="2024-10-25T22:47:11 IST" name="testGetUserByName" finished-at="2024-10-25T22:47:13 IST" duration-ms="1484" status="PASS">
          <reporter-output>
          </reporter-output>
        </test-method> <!-- testGetUserByName -->
        <test-method signature="testupdateUser()[pri:3, instance:api.test.UserTests@2892d68]" started-at="2024-10-25T22:47:13 IST" name="testupdateUser" finished-at="2024-10-25T22:47:14 IST" duration-ms="1588" status="PASS">
          <reporter-output>
          </reporter-output>
        </test-method> <!-- testupdateUser -->
        <test-method signature="testdeleteUser()[pri:4, instance:api.test.UserTests@2892d68]" started-at="2024-10-25T22:47:14 IST" name="testdeleteUser" finished-at="2024-10-25T22:47:16 IST" duration-ms="1356" status="PASS">
          <reporter-output>
          </reporter-output>
        </test-method> <!-- testdeleteUser -->
      </class> <!-- api.test.UserTests -->
    </test> <!-- Test -->
  </suite> <!-- Suite -->
</testng-results>
